['INFO ]2023-08-10 21:02:18,532(yyyy-MM-ddHH:mm:ss.SSS][main]api.Utilities.LoggerLoad1)-Program Module create URL
['INFO ]2023-08-10 21:06:44,248(yyyy-MM-ddHH:mm:ss.SSS][main]api.Utilities.LoggerLoad1)-Program Module create URL
['INFO ]2023-08-10 21:37:57,002(yyyy-MM-ddHH:mm:ss.SSS][main]api.Utilities.LoggerLoad1)-Program Module create URL
['INFO ]2023-08-14 12:37:00,769(yyyy-MM-ddHH:mm:ss.SSS][main]api.Utilities.LoggerLoad1)-Program Module create URL
['INFO ]2023-08-14 13:06:58,142(yyyy-MM-ddHH:mm:ss.SSS][main]api.Utilities.LoggerLoad1)-Program Module create URL
['INFO ]2023-08-14 13:11:50,996(yyyy-MM-ddHH:mm:ss.SSS][main]api.Utilities.LoggerLoad1)-Program Module create URL
['INFO ]2023-08-14 13:49:05,567(yyyy-MM-ddHH:mm:ss.SSS][main]api.Utilities.LoggerLoad1)-Program Module create URL
['INFO ]2023-08-14 13:49:05,578(yyyy-MM-ddHH:mm:ss.SSS][main]api.Utilities.LoggerLoad1)-Reading and Fetching the data from the Excel File
['INFO ]2023-08-14 14:10:46,116(yyyy-MM-ddHH:mm:ss.SSS][main]api.Utilities.LoggerLoad1)-Program Module create URL
['INFO ]2023-08-14 14:10:46,127(yyyy-MM-ddHH:mm:ss.SSS][main]api.Utilities.LoggerLoad1)-Reading and Fetching the data from the Excel File
['INFO ]2023-08-14 20:30:26,983(yyyy-MM-ddHH:mm:ss.SSS][main]api.Utilities.LoggerLoad1)-Program Module create URL
['INFO ]2023-08-14 20:32:06,080(yyyy-MM-ddHH:mm:ss.SSS][main]api.Utilities.LoggerLoad1)-Program Module create URL
['INFO ]2023-08-14 20:35:04,988(yyyy-MM-ddHH:mm:ss.SSS][main]api.Utilities.LoggerLoad1)-Program Module create URL
['INFO ]2023-08-14 20:38:15,918(yyyy-MM-ddHH:mm:ss.SSS][main]api.Utilities.LoggerLoad1)-Program Module create URL
['INFO ]2023-08-14 20:40:25,603(yyyy-MM-ddHH:mm:ss.SSS][main]api.Utilities.LoggerLoad1)-Program Module create URL
['INFO ]2023-08-14 21:02:17,782(yyyy-MM-ddHH:mm:ss.SSS][main]api.Utilities.LoggerLoad1)-Program Module create URL
['INFO ]2023-08-14 21:40:10,986(yyyy-MM-ddHH:mm:ss.SSS][main]api.Utilities.LoggerLoad1)-Program Module create URL
['INFO ]2023-08-14 22:13:43,381(yyyy-MM-ddHH:mm:ss.SSS][main]api.Utilities.LoggerLoad1)-Program Module create URL
['INFO ]2023-08-14 22:14:56,698(yyyy-MM-ddHH:mm:ss.SSS][main]api.Utilities.LoggerLoad1)-Program Module create URL
['INFO ]2023-08-15 12:58:25,628(yyyy-MM-ddHH:mm:ss.SSS][main]api.Utilities.LoggerLoad1)-Program Module create URL
['INFO ]2023-08-15 13:00:36,662(yyyy-MM-ddHH:mm:ss.SSS][main]api.Utilities.LoggerLoad1)-Program Module create URL
['INFO ]2023-08-15 13:01:48,860(yyyy-MM-ddHH:mm:ss.SSS][main]api.Utilities.LoggerLoad1)-Program Module create URL
['INFO ]2023-08-15 13:04:03,261(yyyy-MM-ddHH:mm:ss.SSS][main]api.Utilities.LoggerLoad1)-Program Module create URL
['INFO ]2023-08-17 17:43:53,807(yyyy-MM-ddHH:mm:ss.SSS][main]api.Utilities.LoggerLoad1)-Program Module create URL
['INFO ]2023-08-17 17:44:50,514(yyyy-MM-ddHH:mm:ss.SSS][main]api.Utilities.LoggerLoad1)-Program Module create URL
['INFO ]2023-08-17 17:45:57,774(yyyy-MM-ddHH:mm:ss.SSS][main]api.Utilities.LoggerLoad1)-Program Module create URL
['INFO ]2023-08-17 17:48:19,165(yyyy-MM-ddHH:mm:ss.SSS][main]api.Utilities.LoggerLoad1)-Program Module create URL
['INFO ]2023-08-17 19:04:01,747(yyyy-MM-ddHH:mm:ss.SSS][main]api.Utilities.LoggerLoad1)-Program Module create URL
['INFO ]2023-08-18 11:35:19,911(yyyy-MM-ddHH:mm:ss.SSS][main]api.Utilities.LoggerLoad1)-Program Module create URL
['INFO ]2023-08-18 11:36:45,710(yyyy-MM-ddHH:mm:ss.SSS][main]api.Utilities.LoggerLoad1)-Program Module create URL
['INFO ]2023-08-18 11:40:27,755(yyyy-MM-ddHH:mm:ss.SSS][main]api.Utilities.LoggerLoad1)-Program Module create URL
['INFO ]2023-08-18 11:55:42,721(yyyy-MM-ddHH:mm:ss.SSS][main]api.Utilities.LoggerLoad1)-Program Module create URL
['INFO ]2023-08-18 11:57:11,531(yyyy-MM-ddHH:mm:ss.SSS][main]api.Utilities.LoggerLoad1)-Program Module create URL
['INFO ]2023-08-18 11:57:45,043(yyyy-MM-ddHH:mm:ss.SSS][main]api.Utilities.LoggerLoad1)-Program Module create URL
['INFO ]2023-08-18 12:01:01,577(yyyy-MM-ddHH:mm:ss.SSS][main]api.Utilities.LoggerLoad1)-Program Module create URL
['INFO ]2023-08-18 12:01:01,584(yyyy-MM-ddHH:mm:ss.SSS][main]api.Utilities.LoggerLoad1)-Reading and Fetching the data from the Excel File
['INFO ]2023-08-18 12:05:40,535(yyyy-MM-ddHH:mm:ss.SSS][main]api.Utilities.LoggerLoad1)-Program Module create URL
['INFO ]2023-08-18 12:05:40,542(yyyy-MM-ddHH:mm:ss.SSS][main]api.Utilities.LoggerLoad1)-Reading and Fetching the data from the Excel File
['INFO ]2023-08-18 12:07:05,712(yyyy-MM-ddHH:mm:ss.SSS][main]api.Utilities.LoggerLoad1)-Program Module create URL
['INFO ]2023-08-18 12:07:05,722(yyyy-MM-ddHH:mm:ss.SSS][main]api.Utilities.LoggerLoad1)-Reading and Fetching the data from the Excel File
['INFO ]2023-08-18 12:07:30,519(yyyy-MM-ddHH:mm:ss.SSS][main]api.Utilities.LoggerLoad1)-Program Module create URL
['INFO ]2023-08-18 12:07:30,527(yyyy-MM-ddHH:mm:ss.SSS][main]api.Utilities.LoggerLoad1)-Reading and Fetching the data from the Excel File
['INFO ]2023-08-18 13:19:13,111(yyyy-MM-ddHH:mm:ss.SSS][main]api.Utilities.LoggerLoad1)-Program Module create URL
['INFO ]2023-08-22 11:17:27,337(yyyy-MM-ddHH:mm:ss.SSS][main]api.Utilities.LoggerLoad1)-Program Module create URL
['INFO ]2023-08-22 11:36:45,831(yyyy-MM-ddHH:mm:ss.SSS][main]api.Utilities.LoggerLoad1)-Program Module create URL
['INFO ]2023-08-22 11:38:16,604(yyyy-MM-ddHH:mm:ss.SSS][main]api.Utilities.LoggerLoad1)-Program Module create URL
['INFO ]2023-08-22 11:41:28,353(yyyy-MM-ddHH:mm:ss.SSS][main]api.Utilities.LoggerLoad1)-Program Module create URL
['INFO ]2023-08-22 11:44:37,172(yyyy-MM-ddHH:mm:ss.SSS][main]api.Utilities.LoggerLoad1)-Program Module create URL
['INFO ]2023-09-23 12:16:31,974(yyyy-MM-ddHH:mm:ss.SSS][main]api.utilities.LoggerLoad1)-******** Program Module Starts********
['INFO ]2023-09-23 12:16:31,999(yyyy-MM-ddHH:mm:ss.SSS][main]api.utilities.LoggerLoad1)-Reading and Fetching the data from the Excel File
['INFO ]2023-09-23 12:16:32,198(yyyy-MM-ddHH:mm:ss.SSS][main]api.utilities.LoggerLoad1)-******** Program Module Starts********
['INFO ]2023-09-23 12:16:39,980(yyyy-MM-ddHH:mm:ss.SSS][main]api.utilities.LoggerLoad1)-******** Program Module Starts********
['INFO ]2023-09-23 12:16:39,983(yyyy-MM-ddHH:mm:ss.SSS][main]api.utilities.LoggerLoad1)-Reading and Fetching the data from the Excel File
['INFO ]2023-09-23 12:16:45,290(yyyy-MM-ddHH:mm:ss.SSS][main]api.utilities.LoggerLoad1)-Sending the Get Request for getting program by program id
['INFO ]2023-09-23 12:17:00,947(yyyy-MM-ddHH:mm:ss.SSS][main]api.utilities.LoggerLoad1)-Validating the Put Response for Positive Scenario
['INFO ]2023-09-23 12:17:01,037(yyyy-MM-ddHH:mm:ss.SSS][main]api.utilities.LoggerLoad1)-Reading and Fetching the data from the Excel File
['INFO ]2023-09-23 12:17:01,073(yyyy-MM-ddHH:mm:ss.SSS][main]api.utilities.LoggerLoad1)-Reading and Fetching the data from the Excel File
['INFO ]2023-09-23 12:17:01,126(yyyy-MM-ddHH:mm:ss.SSS][main]api.utilities.LoggerLoad1)-Reading and Fetching the data from the Excel File
['INFO ]2023-09-23 12:17:01,166(yyyy-MM-ddHH:mm:ss.SSS][main]api.utilities.LoggerLoad1)-Reading and Fetching the data from the Excel File
['INFO ]2023-09-23 12:17:01,218(yyyy-MM-ddHH:mm:ss.SSS][main]api.utilities.LoggerLoad1)-Sending the Delete Request for Deleting program by program id
['INFO ]2023-09-23 12:17:06,445(yyyy-MM-ddHH:mm:ss.SSS][main]api.utilities.LoggerLoad1)-Sending the Delete Request for Deleting program by invalid program id
['INFO ]2023-09-23 12:17:11,704(yyyy-MM-ddHH:mm:ss.SSS][main]api.utilities.LoggerLoad1)-Sending the Delete Request for Deleting program by invalid program id
['INFO ]2023-09-23 12:17:16,885(yyyy-MM-ddHH:mm:ss.SSS][main]api.utilities.LoggerLoad1)-******** Program Module Ends********
['INFO ]2023-09-23 12:17:16,981(yyyy-MM-ddHH:mm:ss.SSS][main]api.utilities.LoggerLoad1)-******** Program Batch Module Starts********
['INFO ]2023-09-23 12:17:17,044(yyyy-MM-ddHH:mm:ss.SSS][main]api.utilities.LoggerLoad1)-******** Program Batch Module Starts********
['INFO ]2023-09-23 12:17:17,096(yyyy-MM-ddHH:mm:ss.SSS][main]api.utilities.LoggerLoad1)-******** Program Batch Module Starts********
['INFO ]2023-09-23 12:17:22,346(yyyy-MM-ddHH:mm:ss.SSS][main]api.utilities.LoggerLoad1)-Get All Batches requested
['INFO ]2023-09-23 12:17:27,575(yyyy-MM-ddHH:mm:ss.SSS][main]api.utilities.LoggerLoad1)-Get 1 Batch requested
['INFO ]2023-09-23 12:17:32,805(yyyy-MM-ddHH:mm:ss.SSS][main]api.utilities.LoggerLoad1)-Get Batch with Invalid ID requested
['INFO ]2023-09-23 12:17:38,044(yyyy-MM-ddHH:mm:ss.SSS][main]api.utilities.LoggerLoad1)-Get Batch with Invalid Batchname requested
['INFO ]2023-09-23 12:17:43,283(yyyy-MM-ddHH:mm:ss.SSS][main]api.utilities.LoggerLoad1)-Get Batch by program ID requested
['INFO ]2023-09-23 12:17:48,499(yyyy-MM-ddHH:mm:ss.SSS][main]api.utilities.LoggerLoad1)-Get Batch by Invalid programID requested
['INFO ]2023-09-23 12:17:53,736(yyyy-MM-ddHH:mm:ss.SSS][main]api.utilities.LoggerLoad1)-Updating Batch using BatchId
['INFO ]2023-09-23 12:17:58,979(yyyy-MM-ddHH:mm:ss.SSS][main]api.utilities.LoggerLoad1)-Updating Batch using Invalid BatchId
['INFO ]2023-09-23 12:18:04,199(yyyy-MM-ddHH:mm:ss.SSS][main]api.utilities.LoggerLoad1)-Updating Batch using BatchId and Missing field
['INFO ]2023-09-23 12:18:09,395(yyyy-MM-ddHH:mm:ss.SSS][main]api.utilities.LoggerLoad1)-Delete using Batch ID
['INFO ]2023-09-23 12:18:14,655(yyyy-MM-ddHH:mm:ss.SSS][main]api.utilities.LoggerLoad1)-Delete using Batch ID
['INFO ]2023-09-23 12:18:14,664(yyyy-MM-ddHH:mm:ss.SSS][main]api.utilities.LoggerLoad1)-******** Program Batch Module Ends********
['INFO ]2023-09-23 12:18:14,721(yyyy-MM-ddHH:mm:ss.SSS][main]api.utilities.LoggerLoad1)-******** User Module Starts********
['INFO ]2023-09-23 12:18:14,752(yyyy-MM-ddHH:mm:ss.SSS][main]api.utilities.LoggerLoad1)-******** User Module Starts********
['INFO ]2023-09-23 12:18:14,767(yyyy-MM-ddHH:mm:ss.SSS][main]api.utilities.LoggerLoad1)-******** User Module Starts********
['INFO ]2023-09-23 12:18:19,984(yyyy-MM-ddHH:mm:ss.SSS][main]api.utilities.LoggerLoad1)-All Users Data
['INFO ]2023-09-23 12:18:51,613(yyyy-MM-ddHH:mm:ss.SSS][main]api.utilities.LoggerLoad1)-******** User Module Ends********
['INFO ]2023-09-23 12:18:51,692(yyyy-MM-ddHH:mm:ss.SSS][main]api.utilities.LoggerLoad1)-Getting the Post URL
['INFO ]2023-09-23 12:18:51,692(yyyy-MM-ddHH:mm:ss.SSS][main]api.utilities.LoggerLoad1)-******** Assignment Module ********
['INFO ]2023-09-23 12:18:51,692(yyyy-MM-ddHH:mm:ss.SSS][main]api.utilities.LoggerLoad1)-Loading the Properties Files
['INFO ]2023-09-23 12:18:51,694(yyyy-MM-ddHH:mm:ss.SSS][main]api.utilities.LoggerLoad1)-Sending the Post Request with payload from faker
['INFO ]2023-09-23 12:18:57,039(yyyy-MM-ddHH:mm:ss.SSS][main]api.utilities.LoggerLoad1)-Getting the Post URL
['INFO ]2023-09-23 12:18:57,039(yyyy-MM-ddHH:mm:ss.SSS][main]api.utilities.LoggerLoad1)-******** Assignment Module ********
['INFO ]2023-09-23 12:18:57,040(yyyy-MM-ddHH:mm:ss.SSS][main]api.utilities.LoggerLoad1)-Loading the Properties Files
['INFO ]2023-09-23 12:18:57,041(yyyy-MM-ddHH:mm:ss.SSS][main]api.utilities.LoggerLoad1)-Sending posting request with payload from Excel
['INFO ]2023-09-23 12:18:57,041(yyyy-MM-ddHH:mm:ss.SSS][main]api.utilities.LoggerLoad1)-Reading and Fetching the data from the Excel File
['INFO ]2023-09-23 12:18:57,085(yyyy-MM-ddHH:mm:ss.SSS][main]api.utilities.LoggerLoad1)-Getting the Post URL
['INFO ]2023-09-23 12:18:57,086(yyyy-MM-ddHH:mm:ss.SSS][main]api.utilities.LoggerLoad1)-******** Assignment Module ********
['INFO ]2023-09-23 12:18:57,086(yyyy-MM-ddHH:mm:ss.SSS][main]api.utilities.LoggerLoad1)-Loading the Properties Files
['INFO ]2023-09-23 12:18:57,088(yyyy-MM-ddHH:mm:ss.SSS][main]api.utilities.LoggerLoad1)-Sending posting request with payload from Excel
['INFO ]2023-09-23 12:18:57,088(yyyy-MM-ddHH:mm:ss.SSS][main]api.utilities.LoggerLoad1)-Reading and Fetching the data from the Excel File
['INFO ]2023-09-23 12:18:57,131(yyyy-MM-ddHH:mm:ss.SSS][main]api.utilities.LoggerLoad1)-Getting the Post URL
['INFO ]2023-09-23 12:18:57,132(yyyy-MM-ddHH:mm:ss.SSS][main]api.utilities.LoggerLoad1)-******** Assignment Module ********
['INFO ]2023-09-23 12:18:57,132(yyyy-MM-ddHH:mm:ss.SSS][main]api.utilities.LoggerLoad1)-Loading the Properties Files
['INFO ]2023-09-23 12:18:57,133(yyyy-MM-ddHH:mm:ss.SSS][main]api.utilities.LoggerLoad1)-Sending posting request with payload from Excel
['INFO ]2023-09-23 12:18:57,135(yyyy-MM-ddHH:mm:ss.SSS][main]api.utilities.LoggerLoad1)-Reading and Fetching the data from the Excel File
['INFO ]2023-09-23 12:18:57,184(yyyy-MM-ddHH:mm:ss.SSS][main]api.utilities.LoggerLoad1)-Getting the Post URL
['INFO ]2023-09-23 12:18:57,185(yyyy-MM-ddHH:mm:ss.SSS][main]api.utilities.LoggerLoad1)-******** Assignment Module ********
['INFO ]2023-09-23 12:18:57,185(yyyy-MM-ddHH:mm:ss.SSS][main]api.utilities.LoggerLoad1)-Loading the Properties Files
['INFO ]2023-09-23 12:18:57,186(yyyy-MM-ddHH:mm:ss.SSS][main]api.utilities.LoggerLoad1)-Sending posting request with payload from Excel
['INFO ]2023-09-23 12:18:57,186(yyyy-MM-ddHH:mm:ss.SSS][main]api.utilities.LoggerLoad1)-Reading and Fetching the data from the Excel File
['INFO ]2023-09-23 12:18:57,241(yyyy-MM-ddHH:mm:ss.SSS][main]api.utilities.LoggerLoad1)-Getting the Post URL
['INFO ]2023-09-23 12:18:57,241(yyyy-MM-ddHH:mm:ss.SSS][main]api.utilities.LoggerLoad1)-******** Assignment Module ********
['INFO ]2023-09-23 12:18:57,241(yyyy-MM-ddHH:mm:ss.SSS][main]api.utilities.LoggerLoad1)-Loading the Properties Files
['INFO ]2023-09-23 12:18:57,242(yyyy-MM-ddHH:mm:ss.SSS][main]api.utilities.LoggerLoad1)-Sending posting request with payload from Excel
['INFO ]2023-09-23 12:18:57,243(yyyy-MM-ddHH:mm:ss.SSS][main]api.utilities.LoggerLoad1)-Reading and Fetching the data from the Excel File
['INFO ]2023-09-23 12:18:57,286(yyyy-MM-ddHH:mm:ss.SSS][main]api.utilities.LoggerLoad1)-Getting the Post URL
['INFO ]2023-09-23 12:18:57,286(yyyy-MM-ddHH:mm:ss.SSS][main]api.utilities.LoggerLoad1)-******** Assignment Module ********
['INFO ]2023-09-23 12:18:57,286(yyyy-MM-ddHH:mm:ss.SSS][main]api.utilities.LoggerLoad1)-Loading the Properties Files
['INFO ]2023-09-23 12:18:57,288(yyyy-MM-ddHH:mm:ss.SSS][main]api.utilities.LoggerLoad1)-Sending posting request with payload from Excel
['INFO ]2023-09-23 12:18:57,288(yyyy-MM-ddHH:mm:ss.SSS][main]api.utilities.LoggerLoad1)-Reading and Fetching the data from the Excel File
['INFO ]2023-09-23 12:18:57,325(yyyy-MM-ddHH:mm:ss.SSS][main]api.utilities.LoggerLoad1)-Getting the Post URL
['INFO ]2023-09-23 12:18:57,325(yyyy-MM-ddHH:mm:ss.SSS][main]api.utilities.LoggerLoad1)-******** Assignment Module ********
['INFO ]2023-09-23 12:18:57,326(yyyy-MM-ddHH:mm:ss.SSS][main]api.utilities.LoggerLoad1)-Loading the Properties Files
['INFO ]2023-09-23 12:18:57,328(yyyy-MM-ddHH:mm:ss.SSS][main]api.utilities.LoggerLoad1)-Sending posting request with payload from Excel
['INFO ]2023-09-23 12:18:57,328(yyyy-MM-ddHH:mm:ss.SSS][main]api.utilities.LoggerLoad1)-Reading and Fetching the data from the Excel File
['INFO ]2023-09-23 12:18:57,370(yyyy-MM-ddHH:mm:ss.SSS][main]api.utilities.LoggerLoad1)-Getting the Get All Assignments URL
['INFO ]2023-09-23 12:18:57,370(yyyy-MM-ddHH:mm:ss.SSS][main]api.utilities.LoggerLoad1)-******** Assignment Module ********
['INFO ]2023-09-23 12:18:57,370(yyyy-MM-ddHH:mm:ss.SSS][main]api.utilities.LoggerLoad1)-Loading the Properties Files
['INFO ]2023-09-23 12:18:57,371(yyyy-MM-ddHH:mm:ss.SSS][main]api.utilities.LoggerLoad1)-Sending the Get Request for all Assignments
['INFO ]2023-09-23 12:19:02,581(yyyy-MM-ddHH:mm:ss.SSS][main]api.utilities.LoggerLoad1)-Getting the invalid endpoint for Get
['INFO ]2023-09-23 12:19:02,581(yyyy-MM-ddHH:mm:ss.SSS][main]api.utilities.LoggerLoad1)-******** Assignment Module ********
['INFO ]2023-09-23 12:19:02,581(yyyy-MM-ddHH:mm:ss.SSS][main]api.utilities.LoggerLoad1)-Loading the Properties Files
['INFO ]2023-09-23 12:19:02,583(yyyy-MM-ddHH:mm:ss.SSS][main]api.utilities.LoggerLoad1)-Sending the Get Request for Negative scenario
['INFO ]2023-09-23 12:19:07,755(yyyy-MM-ddHH:mm:ss.SSS][main]api.utilities.LoggerLoad1)-Validating the Get Response for Negative scenario
['INFO ]2023-09-23 12:19:07,800(yyyy-MM-ddHH:mm:ss.SSS][main]api.utilities.LoggerLoad1)-Getting the Get URL for Get by ID
['INFO ]2023-09-23 12:19:07,800(yyyy-MM-ddHH:mm:ss.SSS][main]api.utilities.LoggerLoad1)-******** Assignment Module ********
['INFO ]2023-09-23 12:19:07,800(yyyy-MM-ddHH:mm:ss.SSS][main]api.utilities.LoggerLoad1)-Loading the Properties Files
['INFO ]2023-09-23 12:19:07,804(yyyy-MM-ddHH:mm:ss.SSS][main]api.utilities.LoggerLoad1)-Sending the Get Request
['INFO ]2023-09-23 12:19:13,030(yyyy-MM-ddHH:mm:ss.SSS][main]api.utilities.LoggerLoad1)-Getting the Get URL for Get by ID
['INFO ]2023-09-23 12:19:13,030(yyyy-MM-ddHH:mm:ss.SSS][main]api.utilities.LoggerLoad1)-******** Assignment Module ********
['INFO ]2023-09-23 12:19:13,030(yyyy-MM-ddHH:mm:ss.SSS][main]api.utilities.LoggerLoad1)-Loading the Properties Files
['INFO ]2023-09-23 12:19:13,030(yyyy-MM-ddHH:mm:ss.SSS][main]api.utilities.LoggerLoad1)-Sending the Get Request for  Negative scenario
['INFO ]2023-09-23 12:19:18,227(yyyy-MM-ddHH:mm:ss.SSS][main]api.utilities.LoggerLoad1)-Validating the Get Response for Negative scenario
['INFO ]2023-09-23 12:19:18,259(yyyy-MM-ddHH:mm:ss.SSS][main]api.utilities.LoggerLoad1)-Geting the Get URL for Get by Batch Id
['INFO ]2023-09-23 12:19:18,259(yyyy-MM-ddHH:mm:ss.SSS][main]api.utilities.LoggerLoad1)-******** Assignment Module ********
['INFO ]2023-09-23 12:19:18,259(yyyy-MM-ddHH:mm:ss.SSS][main]api.utilities.LoggerLoad1)-Loading the Properties Files
['INFO ]2023-09-23 12:19:18,259(yyyy-MM-ddHH:mm:ss.SSS][main]api.utilities.LoggerLoad1)-Sending the Get Request for Positive Scenario
['INFO ]2023-09-23 12:19:23,426(yyyy-MM-ddHH:mm:ss.SSS][main]api.utilities.LoggerLoad1)-Validating the Get Response for Positive Scenario
['INFO ]2023-09-23 12:19:23,457(yyyy-MM-ddHH:mm:ss.SSS][main]api.utilities.LoggerLoad1)-Geting the Get URL for Get by Batch Id
['INFO ]2023-09-23 12:19:23,457(yyyy-MM-ddHH:mm:ss.SSS][main]api.utilities.LoggerLoad1)-******** Assignment Module ********
['INFO ]2023-09-23 12:19:23,457(yyyy-MM-ddHH:mm:ss.SSS][main]api.utilities.LoggerLoad1)-Loading the Properties Files
['INFO ]2023-09-23 12:19:23,467(yyyy-MM-ddHH:mm:ss.SSS][main]api.utilities.LoggerLoad1)-Sending the Get Request for Negative Scenario
['INFO ]2023-09-23 12:19:28,626(yyyy-MM-ddHH:mm:ss.SSS][main]api.utilities.LoggerLoad1)-Validating the Get Response for Negative Scenario
['INFO ]2023-09-23 12:19:28,673(yyyy-MM-ddHH:mm:ss.SSS][main]api.utilities.LoggerLoad1)-Geting the Get URL for Get by Batch Id
['INFO ]2023-09-23 12:19:28,673(yyyy-MM-ddHH:mm:ss.SSS][main]api.utilities.LoggerLoad1)-******** Assignment Module ********
['INFO ]2023-09-23 12:19:28,673(yyyy-MM-ddHH:mm:ss.SSS][main]api.utilities.LoggerLoad1)-Loading the Properties Files
['INFO ]2023-09-23 12:19:28,674(yyyy-MM-ddHH:mm:ss.SSS][main]api.utilities.LoggerLoad1)-Sending the Get Request for Positive Scenario
['INFO ]2023-09-23 12:19:33,832(yyyy-MM-ddHH:mm:ss.SSS][main]api.utilities.LoggerLoad1)-Validating the Get Response for Negative Scenario
['INFO ]2023-09-23 12:19:33,864(yyyy-MM-ddHH:mm:ss.SSS][main]api.utilities.LoggerLoad1)-Getting the PUT URL for Updating the record
['INFO ]2023-09-23 12:19:33,864(yyyy-MM-ddHH:mm:ss.SSS][main]api.utilities.LoggerLoad1)-******** Assignment Module ********
['INFO ]2023-09-23 12:19:33,864(yyyy-MM-ddHH:mm:ss.SSS][main]api.utilities.LoggerLoad1)-Loading the Properties Files
['INFO ]2023-09-23 12:19:33,869(yyyy-MM-ddHH:mm:ss.SSS][main]api.utilities.LoggerLoad1)-Sending the Put Request for Positive Scenario
['INFO ]2023-09-23 12:19:39,038(yyyy-MM-ddHH:mm:ss.SSS][main]api.utilities.LoggerLoad1)-Validating the Put Response for Positive Scenario
['INFO ]2023-09-23 12:19:39,078(yyyy-MM-ddHH:mm:ss.SSS][main]api.utilities.LoggerLoad1)-Getting the PUT URL for Updating the record
['INFO ]2023-09-23 12:19:39,078(yyyy-MM-ddHH:mm:ss.SSS][main]api.utilities.LoggerLoad1)-******** Assignment Module ********
['INFO ]2023-09-23 12:19:39,078(yyyy-MM-ddHH:mm:ss.SSS][main]api.utilities.LoggerLoad1)-Loading the Properties Files
['INFO ]2023-09-23 12:19:39,078(yyyy-MM-ddHH:mm:ss.SSS][main]api.utilities.LoggerLoad1)-Sending the Put Request for Negative Scenario
['INFO ]2023-09-23 12:19:39,078(yyyy-MM-ddHH:mm:ss.SSS][main]api.utilities.LoggerLoad1)-Reading and Fetching the data from the Excel File
['INFO ]2023-09-23 12:19:39,109(yyyy-MM-ddHH:mm:ss.SSS][main]api.utilities.LoggerLoad1)-Getting the PUT URL for Updating the record
['INFO ]2023-09-23 12:19:39,109(yyyy-MM-ddHH:mm:ss.SSS][main]api.utilities.LoggerLoad1)-******** Assignment Module ********
['INFO ]2023-09-23 12:19:39,109(yyyy-MM-ddHH:mm:ss.SSS][main]api.utilities.LoggerLoad1)-Loading the Properties Files
['INFO ]2023-09-23 12:19:39,109(yyyy-MM-ddHH:mm:ss.SSS][main]api.utilities.LoggerLoad1)-Sending the Put Request for Negative Scenario
['INFO ]2023-09-23 12:19:39,109(yyyy-MM-ddHH:mm:ss.SSS][main]api.utilities.LoggerLoad1)-Reading and Fetching the data from the Excel File
['INFO ]2023-09-23 12:19:39,140(yyyy-MM-ddHH:mm:ss.SSS][main]api.utilities.LoggerLoad1)-Getting the PUT URL for Updating the record
['INFO ]2023-09-23 12:19:39,140(yyyy-MM-ddHH:mm:ss.SSS][main]api.utilities.LoggerLoad1)-******** Assignment Module ********
['INFO ]2023-09-23 12:19:39,140(yyyy-MM-ddHH:mm:ss.SSS][main]api.utilities.LoggerLoad1)-Loading the Properties Files
['INFO ]2023-09-23 12:19:39,141(yyyy-MM-ddHH:mm:ss.SSS][main]api.utilities.LoggerLoad1)-Sending the Put Request for Negative Scenario
['INFO ]2023-09-23 12:19:39,141(yyyy-MM-ddHH:mm:ss.SSS][main]api.utilities.LoggerLoad1)-Reading and Fetching the data from the Excel File
['INFO ]2023-09-23 12:19:39,156(yyyy-MM-ddHH:mm:ss.SSS][main]api.utilities.LoggerLoad1)-Getting the Delete URL for Positive Scenario
['INFO ]2023-09-23 12:19:39,156(yyyy-MM-ddHH:mm:ss.SSS][main]api.utilities.LoggerLoad1)-******** Assignment Module ********
['INFO ]2023-09-23 12:19:39,156(yyyy-MM-ddHH:mm:ss.SSS][main]api.utilities.LoggerLoad1)-Loading the Properties Files
['INFO ]2023-09-23 12:19:39,170(yyyy-MM-ddHH:mm:ss.SSS][main]api.utilities.LoggerLoad1)-Sending the Delete Request for Positive Scenario
['INFO ]2023-09-23 12:19:44,333(yyyy-MM-ddHH:mm:ss.SSS][main]api.utilities.LoggerLoad1)-Validating the Delete Response for Positive Scenario
['INFO ]2023-09-23 12:19:44,364(yyyy-MM-ddHH:mm:ss.SSS][main]api.utilities.LoggerLoad1)-Getting the Delete URL for Positive Scenario
['INFO ]2023-09-23 12:19:44,364(yyyy-MM-ddHH:mm:ss.SSS][main]api.utilities.LoggerLoad1)-******** Assignment Module ********
['INFO ]2023-09-23 12:19:44,364(yyyy-MM-ddHH:mm:ss.SSS][main]api.utilities.LoggerLoad1)-Loading the Properties Files
['INFO ]2023-09-23 12:19:44,364(yyyy-MM-ddHH:mm:ss.SSS][main]api.utilities.LoggerLoad1)-Sending the Delete Request for Negative Scenario
['INFO ]2023-09-23 12:19:49,581(yyyy-MM-ddHH:mm:ss.SSS][main]api.utilities.LoggerLoad1)-Validating the Delete Response for Negative Scenario
['INFO ]2023-09-23 12:19:49,605(yyyy-MM-ddHH:mm:ss.SSS][main]api.utilities.LoggerLoad1)-Getting the Delete URL for Positive Scenario
['INFO ]2023-09-23 12:19:49,605(yyyy-MM-ddHH:mm:ss.SSS][main]api.utilities.LoggerLoad1)-******** Assignment Module ********
['INFO ]2023-09-23 12:19:49,605(yyyy-MM-ddHH:mm:ss.SSS][main]api.utilities.LoggerLoad1)-Loading the Properties Files
['INFO ]2023-09-23 12:19:49,612(yyyy-MM-ddHH:mm:ss.SSS][main]api.utilities.LoggerLoad1)-Sending the Delete Request for Negative Scenario
['INFO ]2023-09-23 12:19:54,759(yyyy-MM-ddHH:mm:ss.SSS][main]api.utilities.LoggerLoad1)-Validating the Delete Response for Negative Scenario
['INFO ]2023-09-23 12:20:00,056(yyyy-MM-ddHH:mm:ss.SSS][main]api.utilities.LoggerLoad1)-******** Assignment Submit Module Starts********
['INFO ]2023-09-23 12:20:00,086(yyyy-MM-ddHH:mm:ss.SSS][main]api.utilities.LoggerLoad1)-******** Assignment Submit Module Starts********
